2026-04-18 09:19:26 [INFO] c.b.a.ApiBibliothequeApplication - Starting ApiBibliothequeApplication using Java 21.0.10 with PID 6887 (/home/ouanyou80/api-bibliotheque/target/classes started by ouanyou80 in /home/ouanyou80/api-bibliotheque)
2026-04-18 09:19:26 [DEBUG] c.b.a.ApiBibliothequeApplication - Running with Spring Boot v3.5.0, Spring v6.2.7
2026-04-18 09:19:26 [INFO] c.b.a.ApiBibliothequeApplication - No active profile set, falling back to 1 default profile: "default"
2026-04-18 09:19:28 [INFO] o.s.d.r.c.RepositoryConfigurationDelegate - Bootstrapping Spring Data JPA repositories in DEFAULT mode.
2026-04-18 09:19:28 [INFO] o.s.d.r.c.RepositoryConfigurationDelegate - Finished Spring Data repository scanning in 112 ms. Found 6 JPA repository interfaces.
2026-04-18 09:19:29 [INFO] o.s.b.w.e.tomcat.TomcatWebServer - Tomcat initialized with port 8080 (http)
2026-04-18 09:19:29 [INFO] o.a.catalina.core.StandardService - Starting service [Tomcat]
2026-04-18 09:19:29 [INFO] o.a.catalina.core.StandardEngine - Starting Servlet engine: [Apache Tomcat/10.1.41]
2026-04-18 09:19:29 [INFO] o.a.c.c.C.[Tomcat].[localhost].[/] - Initializing Spring embedded WebApplicationContext
2026-04-18 09:19:29 [INFO] o.s.b.w.s.c.ServletWebServerApplicationContext - Root WebApplicationContext: initialization completed in 2577 ms
2026-04-18 09:19:29 [DEBUG] c.b.api_bibliotheque.JwtFilter - Filter 'jwtFilter' configured for use
2026-04-18 09:19:30 [INFO] o.h.jpa.internal.util.LogHelper - HHH000204: Processing PersistenceUnitInfo [name: default]
2026-04-18 09:19:30 [INFO] org.hibernate.Version - HHH000412: Hibernate ORM core version 6.6.15.Final
2026-04-18 09:19:31 [INFO] o.h.c.i.RegionFactoryInitiator - HHH000026: Second-level cache disabled
2026-04-18 09:19:34 [INFO] o.s.o.j.p.SpringPersistenceUnitInfo - No LoadTimeWeaver setup: ignoring JPA class transformer
2026-04-18 09:19:34 [INFO] com.zaxxer.hikari.HikariDataSource - HikariPool-1 - Starting...
2026-04-18 09:19:36 [INFO] com.zaxxer.hikari.pool.HikariPool - HikariPool-1 - Added connection org.postgresql.jdbc.PgConnection@eb91027
2026-04-18 09:19:36 [INFO] com.zaxxer.hikari.HikariDataSource - HikariPool-1 - Start completed.
2026-04-18 09:19:37 [INFO] o.hibernate.orm.connections.pooling - HHH10001005: Database info:
	Database JDBC URL [Connecting through datasource 'HikariDataSource (HikariPool-1)']
	Database driver: undefined/unknown
	Database version: 17.2
	Autocommit mode: undefined/unknown
	Isolation level: undefined/unknown
	Minimum pool size: undefined/unknown
	Maximum pool size: undefined/unknown
2026-04-18 09:19:47 [INFO] o.h.e.t.j.p.i.JtaPlatformInitiator - HHH000489: No JTA platform available (set 'hibernate.transaction.jta.platform' to enable JTA platform integration)
2026-04-18 09:19:48 [INFO] o.s.o.j.LocalContainerEntityManagerFactoryBean - Initialized JPA EntityManagerFactory for persistence unit 'default'
2026-04-18 09:19:50 [WARN] o.s.b.a.o.j.JpaBaseConfiguration$JpaWebConfiguration - spring.jpa.open-in-view is enabled by default. Therefore, database queries may be performed during view rendering. Explicitly configure spring.jpa.open-in-view to disable this warning
2026-04-18 09:19:51 [WARN] o.s.b.a.s.s.UserDetailsServiceAutoConfiguration - 

Using generated security password: d820a7a4-be27-49bd-9c15-2c8fe793428a

This generated password is for development use only. Your security configuration must be updated before running your application in production.

2026-04-18 09:19:51 [INFO] o.s.s.c.a.a.c.InitializeUserDetailsBeanManagerConfigurer$InitializeUserDetailsManagerConfigurer - Global AuthenticationManager configured with UserDetailsService bean with name inMemoryUserDetailsManager
2026-04-18 09:19:53 [INFO] o.s.b.w.e.tomcat.TomcatWebServer - Tomcat started on port 8080 (http) with context path '/'
2026-04-18 09:19:53 [INFO] c.b.a.ApiBibliothequeApplication - Started ApiBibliothequeApplication in 28.911 seconds (process running for 31.888)
2026-04-18 09:20:46 [INFO] o.a.c.c.C.[Tomcat].[localhost].[/] - Initializing Spring DispatcherServlet 'dispatcherServlet'
2026-04-18 09:20:46 [INFO] o.s.web.servlet.DispatcherServlet - Initializing Servlet 'dispatcherServlet'
2026-04-18 09:20:46 [INFO] o.s.web.servlet.DispatcherServlet - Completed initialization in 27 ms
2026-04-18 09:31:17 [INFO] o.s.b.w.e.tomcat.GracefulShutdown - Commencing graceful shutdown. Waiting for active requests to complete
2026-04-18 09:31:19 [INFO] o.s.b.w.e.tomcat.GracefulShutdown - Graceful shutdown complete
2026-04-18 09:31:20 [INFO] o.s.o.j.LocalContainerEntityManagerFactoryBean - Closing JPA EntityManagerFactory for persistence unit 'default'
2026-04-18 09:31:21 [INFO] com.zaxxer.hikari.HikariDataSource - HikariPool-1 - Shutdown initiated...
2026-04-18 09:31:22 [INFO] com.zaxxer.hikari.HikariDataSource - HikariPool-1 - Shutdown completed.
